\BOOKMARK [0][-]{chapter.0}{\376\377\000I\000n\000t\000r\000o\000d\000u\000c\000t\000i\000o\000n\000\040\000t\000o\000\040\000C\000a\000l\000c\000u\000l\000u\000s}{}% 1
\BOOKMARK [1][-]{section.0.1}{\376\377\000W\000h\000y\000\040\000d\000o\000\040\000w\000e\000\040\000s\000t\000u\000d\000y\000\040\000c\000a\000l\000c\000u\000l\000u\000s\000?}{chapter.0}% 2
\BOOKMARK [1][-]{section.0.2}{\376\377\000H\000o\000w\000\040\000d\000o\000\040\000w\000e\000\040\000m\000e\000a\000s\000u\000r\000e\000\040\000v\000e\000l\000o\000c\000i\000t\000y\000?}{chapter.0}% 3
\BOOKMARK [0][-]{chapter.1}{\376\377\000L\000i\000m\000i\000t\000s}{}% 4
\BOOKMARK [1][-]{section.1.1}{\376\377\000T\000h\000e\000\040\000n\000o\000t\000i\000o\000n\000\040\000o\000f\000\040\000l\000i\000m\000i\000t}{chapter.1}% 5
\BOOKMARK [1][-]{section.1.2}{\376\377\000L\000i\000m\000i\000t\000s\000\040\000i\000n\000v\000o\000l\000v\000i\000n\000g\000\040\000i\000n\000f\000i\000n\000i\000t\000y}{chapter.1}% 6
\BOOKMARK [1][-]{section.1.3}{\376\377\000C\000o\000n\000t\000i\000n\000u\000i\000t\000y}{chapter.1}% 7
\BOOKMARK [1][-]{section.1.4}{\376\377\000E\000p\000s\000i\000l\000o\000n\000-\000D\000e\000l\000t\000a\000\040\000D\000e\000f\000i\000n\000i\000t\000i\000o\000n\000\040\000o\000f\000\040\000a\000\040\000L\000i\000m\000i\000t}{chapter.1}% 8
\BOOKMARK [0][-]{chapter.2}{\376\377\000D\000e\000r\000i\000v\000a\000t\000i\000v\000e\000s}{}% 9
\BOOKMARK [1][-]{section.2.1}{\376\377\000D\000e\000r\000i\000v\000a\000t\000i\000v\000e\000s\000\040\000a\000n\000d\000\040\000R\000a\000t\000e\000s\000\040\000o\000f\000\040\000C\000h\000a\000n\000g\000e}{chapter.2}% 10
\BOOKMARK [1][-]{section.2.2}{\376\377\000T\000h\000e\000\040\000d\000e\000r\000i\000v\000a\000t\000i\000v\000e\000\040\000f\000u\000n\000c\000t\000i\000o\000n}{chapter.2}% 11
\BOOKMARK [1][-]{section.2.3}{\376\377\000T\000h\000e\000\040\000s\000e\000c\000o\000n\000d\000\040\000d\000e\000r\000i\000v\000a\000t\000i\000v\000e}{chapter.2}% 12
\BOOKMARK [1][-]{section.2.4}{\376\377\000B\000a\000s\000i\000c\000\040\000d\000e\000r\000i\000v\000a\000t\000i\000v\000e\000\040\000r\000u\000l\000e\000s}{chapter.2}% 13
\BOOKMARK [1][-]{section.2.5}{\376\377\000T\000h\000e\000\040\000p\000r\000o\000d\000u\000c\000t\000\040\000a\000n\000d\000\040\000q\000u\000o\000t\000i\000e\000n\000t\000\040\000r\000u\000l\000e\000s}{chapter.2}% 14
\BOOKMARK [1][-]{section.2.6}{\376\377\000T\000h\000e\000\040\000c\000h\000a\000i\000n\000\040\000r\000u\000l\000e}{chapter.2}% 15
\BOOKMARK [1][-]{section.2.7}{\376\377\000D\000e\000r\000i\000v\000a\000t\000i\000v\000e\000s\000\040\000o\000f\000\040\000f\000u\000n\000c\000t\000i\000o\000n\000s\000\040\000g\000i\000v\000e\000n\000\040\000i\000m\000p\000l\000i\000c\000i\000t\000l\000y}{chapter.2}% 16
\BOOKMARK [1][-]{section.2.8}{\376\377\000D\000e\000r\000i\000v\000a\000t\000i\000v\000e\000s\000\040\000o\000f\000\040\000i\000n\000v\000e\000r\000s\000e\000\040\000f\000u\000n\000c\000t\000i\000o\000n\000s}{chapter.2}% 17
\BOOKMARK [0][-]{chapter.3}{\376\377\000A\000p\000p\000l\000i\000c\000a\000t\000i\000o\000n\000s\000\040\000o\000f\000\040\000D\000e\000r\000i\000v\000a\000t\000i\000v\000e\000s}{}% 18
\BOOKMARK [1][-]{section.3.1}{\376\377\000R\000e\000l\000a\000t\000e\000d\000\040\000r\000a\000t\000e\000s}{chapter.3}% 19
\BOOKMARK [1][-]{section.3.2}{\376\377\000U\000s\000i\000n\000g\000\040\000d\000e\000r\000i\000v\000a\000t\000i\000v\000e\000s\000\040\000t\000o\000\040\000i\000d\000e\000n\000t\000i\000f\000y\000\040\000e\000x\000t\000r\000e\000m\000e\000\040\000v\000a\000l\000u\000e\000s\000\040\000o\000f\000\040\000a\000\040\000f\000u\000n\000c\000t\000i\000o\000n}{chapter.3}% 20
\BOOKMARK [1][-]{section.3.3}{\376\377\000G\000l\000o\000b\000a\000l\000\040\000O\000p\000t\000i\000m\000i\000z\000a\000t\000i\000o\000n}{chapter.3}% 21
\BOOKMARK [1][-]{section.3.4}{\376\377\000A\000p\000p\000l\000i\000e\000d\000\040\000O\000p\000t\000i\000m\000i\000z\000a\000t\000i\000o\000n}{chapter.3}% 22
\BOOKMARK [1][-]{section.3.5}{\376\377\000T\000h\000e\000\040\000M\000e\000a\000n\000\040\000V\000a\000l\000u\000e\000\040\000T\000h\000e\000o\000r\000e\000m}{chapter.3}% 23
\BOOKMARK [1][-]{section.3.6}{\376\377\000T\000h\000e\000\040\000T\000a\000n\000g\000e\000n\000t\000\040\000L\000i\000n\000e\000\040\000A\000p\000p\000r\000o\000x\000i\000m\000a\000t\000i\000o\000n}{chapter.3}% 24
\BOOKMARK [1][-]{section.3.7}{\376\377\000U\000s\000i\000n\000g\000\040\000D\000e\000r\000i\000v\000a\000t\000i\000v\000e\000s\000\040\000t\000o\000\040\000E\000v\000a\000l\000u\000a\000t\000e\000\040\000L\000i\000m\000i\000t\000s}{chapter.3}% 25
\BOOKMARK [1][-]{section.3.8}{\376\377\000N\000e\000w\000t\000o\000n\000'\000s\000\040\000M\000e\000t\000h\000o\000d}{chapter.3}% 26
\BOOKMARK [0][-]{chapter.4}{\376\377\000I\000n\000t\000e\000g\000r\000a\000t\000i\000o\000n}{}% 27
\BOOKMARK [1][-]{section.4.1}{\376\377\000D\000e\000t\000e\000r\000m\000i\000n\000i\000n\000g\000\040\000d\000i\000s\000t\000a\000n\000c\000e\000\040\000t\000r\000a\000v\000e\000l\000e\000d\000\040\000f\000r\000o\000m\000\040\000v\000e\000l\000o\000c\000i\000t\000y}{chapter.4}% 28
\BOOKMARK [1][-]{section.4.2}{\376\377\000R\000i\000e\000m\000a\000n\000n\000\040\000S\000u\000m\000s}{chapter.4}% 29
\BOOKMARK [1][-]{section.4.3}{\376\377\000T\000h\000e\000\040\000D\000e\000f\000i\000n\000i\000t\000e\000\040\000I\000n\000t\000e\000g\000r\000a\000l}{chapter.4}% 30
\BOOKMARK [1][-]{section.4.4}{\376\377\000T\000h\000e\000\040\000F\000u\000n\000d\000a\000m\000e\000n\000t\000a\000l\000\040\000T\000h\000e\000o\000r\000e\000m\000\040\000o\000f\000\040\000C\000a\000l\000c\000u\000l\000u\000s\000,\000\040\000P\000a\000r\000t\000\040\000I}{chapter.4}% 31
\BOOKMARK [1][-]{section.4.5}{\376\377\000T\000h\000e\000\040\000F\000u\000n\000d\000a\000m\000e\000n\000t\000a\000l\000\040\000T\000h\000e\000o\000r\000e\000m\000\040\000o\000f\000\040\000C\000a\000l\000c\000u\000l\000u\000s\000,\000\040\000p\000a\000r\000t\000\040\000I\000I}{chapter.4}% 32
\BOOKMARK [1][-]{section.4.6}{\376\377\000I\000n\000t\000e\000g\000r\000a\000t\000i\000o\000n\000\040\000b\000y\000\040\000S\000u\000b\000s\000t\000i\000t\000u\000t\000i\000o\000n}{chapter.4}% 33
\BOOKMARK [1][-]{section.4.7}{\376\377\000M\000o\000r\000e\000\040\000w\000i\000t\000h\000\040\000I\000n\000t\000e\000g\000r\000a\000l\000s}{chapter.4}% 34
